INFO [2022-07-13 19:21:23] [[1]]
INFO [2022-07-13 19:21:23] x
INFO [2022-07-13 19:21:23] 
INFO [2022-07-13 19:21:23] $main
INFO [2022-07-13 19:21:23] ("Downregulated TRAS between different stages")
INFO [2022-07-13 19:21:23] 
INFO [2022-07-13 19:21:23] $cex.main
INFO [2022-07-13 19:21:23] [1] 2
INFO [2022-07-13 19:21:23] 
INFO [2022-07-13 19:21:23] $font.main
INFO [2022-07-13 19:21:23] [1] 1
INFO [2022-07-13 19:21:23] 
INFO [2022-07-13 19:21:23] $col.main
INFO [2022-07-13 19:21:23] [1] "red"
INFO [2022-07-13 19:21:23] 
INFO [2022-07-13 19:21:23] $category.names
INFO [2022-07-13 19:21:23] c("1-cell and 8-cell stage", " 8-cell and morula stage", "morula and blastocyst stage")
INFO [2022-07-13 19:21:23] 
INFO [2022-07-13 19:21:23] $fill
INFO [2022-07-13 19:21:23] c("#009E73", "#E69F00", "#56B4E9")
INFO [2022-07-13 19:21:23] 
INFO [2022-07-13 19:21:23] $filename
INFO [2022-07-13 19:21:23] NULL
INFO [2022-07-13 19:21:23] 
