INFO [2022-07-17 19:59:36] [[1]]
INFO [2022-07-17 19:59:36] x
INFO [2022-07-17 19:59:36] 
INFO [2022-07-17 19:59:36] $main
INFO [2022-07-17 19:59:36] ("Up-regulated TRAs between different stages")
INFO [2022-07-17 19:59:36] 
INFO [2022-07-17 19:59:36] $main.fontface
INFO [2022-07-17 19:59:36] [1] "bold"
INFO [2022-07-17 19:59:36] 
INFO [2022-07-17 19:59:36] $main.cex
INFO [2022-07-17 19:59:36] [1] 0.75
INFO [2022-07-17 19:59:36] 
INFO [2022-07-17 19:59:36] $category.names
INFO [2022-07-17 19:59:36] c("1- to 8-cell", " 8-cell to morula ", "morula to blastocyst")
INFO [2022-07-17 19:59:36] 
INFO [2022-07-17 19:59:36] $fill
INFO [2022-07-17 19:59:36] c("#009E73", "#E69F00", "#56B4E9")
INFO [2022-07-17 19:59:36] 
INFO [2022-07-17 19:59:36] $filename
INFO [2022-07-17 19:59:36] NULL
INFO [2022-07-17 19:59:36] 
INFO [2022-07-17 19:59:36] $cat.cex
INFO [2022-07-17 19:59:36] [1] 0.65
INFO [2022-07-17 19:59:36] 
INFO [2022-07-17 19:59:36] $cat.fontface
INFO [2022-07-17 19:59:36] [1] "bold"
INFO [2022-07-17 19:59:36] 
INFO [2022-07-17 19:59:36] $cat.just
INFO [2022-07-17 19:59:36] list(c(-0.5, 3), c(1.15, 3), c(0.5, -4))
INFO [2022-07-17 19:59:36] 
INFO [2022-07-17 19:59:36] $lwd
INFO [2022-07-17 19:59:36] [1] 2
INFO [2022-07-17 19:59:36] 
INFO [2022-07-17 19:59:36] $lty
INFO [2022-07-17 19:59:36] [1] 1
INFO [2022-07-17 19:59:36] 
INFO [2022-07-17 19:59:36] $cex
INFO [2022-07-17 19:59:36] [1] 1
INFO [2022-07-17 19:59:36] 
