INFO [2022-07-13 19:10:30] [[1]]
INFO [2022-07-13 19:10:30] x
INFO [2022-07-13 19:10:30] 
INFO [2022-07-13 19:10:30] $main
INFO [2022-07-13 19:10:30] ("downregulated TRAS between diffrent stages")
INFO [2022-07-13 19:10:30] 
INFO [2022-07-13 19:10:30] $cex.main
INFO [2022-07-13 19:10:30] [1] 2
INFO [2022-07-13 19:10:30] 
INFO [2022-07-13 19:10:30] $font.main
INFO [2022-07-13 19:10:30] [1] 4
INFO [2022-07-13 19:10:30] 
INFO [2022-07-13 19:10:30] $col.main
INFO [2022-07-13 19:10:30] [1] "red"
INFO [2022-07-13 19:10:30] 
INFO [2022-07-13 19:10:30] $category.names
INFO [2022-07-13 19:10:30] c("1-cell and 8-cell stage", " 8-cell and morula stage", "morula and blastocyst stage")
INFO [2022-07-13 19:10:30] 
INFO [2022-07-13 19:10:30] $fill
INFO [2022-07-13 19:10:30] c("#009E73", "#E69F00", "#56B4E9")
INFO [2022-07-13 19:10:30] 
INFO [2022-07-13 19:10:30] $filename
INFO [2022-07-13 19:10:30] NULL
INFO [2022-07-13 19:10:30] 
