INFO [2022-07-17 01:39:37] [[1]]
INFO [2022-07-17 01:39:37] x
INFO [2022-07-17 01:39:37] 
INFO [2022-07-17 01:39:37] $main
INFO [2022-07-17 01:39:37] ("Down-regulated TRAS between different stages")
INFO [2022-07-17 01:39:37] 
INFO [2022-07-17 01:39:37] $cex.main
INFO [2022-07-17 01:39:37] [1] 2
INFO [2022-07-17 01:39:37] 
INFO [2022-07-17 01:39:37] $font.main
INFO [2022-07-17 01:39:37] [1] 1
INFO [2022-07-17 01:39:37] 
INFO [2022-07-17 01:39:37] $col.main
INFO [2022-07-17 01:39:37] [1] "red"
INFO [2022-07-17 01:39:37] 
INFO [2022-07-17 01:39:37] $category.names
INFO [2022-07-17 01:39:37] c("1-cell and 8-cell stage", " 8-cell and morula stage", "morula and blastocyst stage")
INFO [2022-07-17 01:39:37] 
INFO [2022-07-17 01:39:37] $fill
INFO [2022-07-17 01:39:37] c("#009E73", "#E69F00", "#56B4E9")
INFO [2022-07-17 01:39:37] 
INFO [2022-07-17 01:39:37] $filename
INFO [2022-07-17 01:39:37] NULL
INFO [2022-07-17 01:39:37] 
