INFO [2022-07-15 14:38:40] [[1]]
INFO [2022-07-15 14:38:40] x
INFO [2022-07-15 14:38:40] 
INFO [2022-07-15 14:38:40] $main
INFO [2022-07-15 14:38:40] ("Downregulated TRAS between different stages")
INFO [2022-07-15 14:38:40] 
INFO [2022-07-15 14:38:40] $cex.main
INFO [2022-07-15 14:38:40] [1] 2
INFO [2022-07-15 14:38:40] 
INFO [2022-07-15 14:38:40] $font.main
INFO [2022-07-15 14:38:40] [1] 1
INFO [2022-07-15 14:38:40] 
INFO [2022-07-15 14:38:40] $col.main
INFO [2022-07-15 14:38:40] [1] "red"
INFO [2022-07-15 14:38:40] 
INFO [2022-07-15 14:38:40] $category.names
INFO [2022-07-15 14:38:40] c("1-cell and 8-cell stage", " 8-cell and morula stage", "morula and blastocyst stage")
INFO [2022-07-15 14:38:40] 
INFO [2022-07-15 14:38:40] $fill
INFO [2022-07-15 14:38:40] c("#009E73", "#E69F00", "#56B4E9")
INFO [2022-07-15 14:38:40] 
INFO [2022-07-15 14:38:40] $filename
INFO [2022-07-15 14:38:40] NULL
INFO [2022-07-15 14:38:40] 
