INFO [2022-07-13 19:55:06] [[1]]
INFO [2022-07-13 19:55:06] x
INFO [2022-07-13 19:55:06] 
INFO [2022-07-13 19:55:06] $main
INFO [2022-07-13 19:55:06] ("Downregulated TRAS between different stages")
INFO [2022-07-13 19:55:06] 
INFO [2022-07-13 19:55:06] $cex.main
INFO [2022-07-13 19:55:06] [1] 2
INFO [2022-07-13 19:55:06] 
INFO [2022-07-13 19:55:06] $font.main
INFO [2022-07-13 19:55:06] [1] 1
INFO [2022-07-13 19:55:06] 
INFO [2022-07-13 19:55:06] $col.main
INFO [2022-07-13 19:55:06] [1] "red"
INFO [2022-07-13 19:55:06] 
INFO [2022-07-13 19:55:06] $category.names
INFO [2022-07-13 19:55:06] c("1-cell and 8-cell stage", " 8-cell and morula stage", "morula and blastocyst stage")
INFO [2022-07-13 19:55:06] 
INFO [2022-07-13 19:55:06] $fill
INFO [2022-07-13 19:55:06] c("#009E73", "#E69F00", "#56B4E9")
INFO [2022-07-13 19:55:06] 
INFO [2022-07-13 19:55:06] $filename
INFO [2022-07-13 19:55:06] NULL
INFO [2022-07-13 19:55:06] 
