INFO [2022-07-15 14:44:52] [[1]]
INFO [2022-07-15 14:44:52] x
INFO [2022-07-15 14:44:52] 
INFO [2022-07-15 14:44:52] $main
INFO [2022-07-15 14:44:52] ("Downregulated TRAS between different stages")
INFO [2022-07-15 14:44:52] 
INFO [2022-07-15 14:44:52] $cex.main
INFO [2022-07-15 14:44:52] [1] 2
INFO [2022-07-15 14:44:52] 
INFO [2022-07-15 14:44:52] $font.main
INFO [2022-07-15 14:44:52] [1] 1
INFO [2022-07-15 14:44:52] 
INFO [2022-07-15 14:44:52] $col.main
INFO [2022-07-15 14:44:52] [1] "red"
INFO [2022-07-15 14:44:52] 
INFO [2022-07-15 14:44:52] $category.names
INFO [2022-07-15 14:44:52] c("1-cell and 8-cell stage", " 8-cell and morula stage", "morula and blastocyst stage")
INFO [2022-07-15 14:44:52] 
INFO [2022-07-15 14:44:52] $fill
INFO [2022-07-15 14:44:52] c("#009E73", "#E69F00", "#56B4E9")
INFO [2022-07-15 14:44:52] 
INFO [2022-07-15 14:44:52] $filename
INFO [2022-07-15 14:44:52] NULL
INFO [2022-07-15 14:44:52] 
