INFO [2022-07-17 00:15:08] [[1]]
INFO [2022-07-17 00:15:08] x
INFO [2022-07-17 00:15:08] 
INFO [2022-07-17 00:15:08] $main
INFO [2022-07-17 00:15:08] ("Down-regulated TRAS between different stages")
INFO [2022-07-17 00:15:08] 
INFO [2022-07-17 00:15:08] $cex.main
INFO [2022-07-17 00:15:08] [1] 2
INFO [2022-07-17 00:15:08] 
INFO [2022-07-17 00:15:08] $font.main
INFO [2022-07-17 00:15:08] [1] 1
INFO [2022-07-17 00:15:08] 
INFO [2022-07-17 00:15:08] $col.main
INFO [2022-07-17 00:15:08] [1] "red"
INFO [2022-07-17 00:15:08] 
INFO [2022-07-17 00:15:08] $category.names
INFO [2022-07-17 00:15:08] c("1-cell and 8-cell stage", " 8-cell and morula stage", "morula and blastocyst stage")
INFO [2022-07-17 00:15:08] 
INFO [2022-07-17 00:15:08] $fill
INFO [2022-07-17 00:15:08] c("#009E73", "#E69F00", "#56B4E9")
INFO [2022-07-17 00:15:08] 
INFO [2022-07-17 00:15:08] $filename
INFO [2022-07-17 00:15:08] NULL
INFO [2022-07-17 00:15:08] 
