INFO [2022-07-15 14:41:15] [[1]]
INFO [2022-07-15 14:41:15] x
INFO [2022-07-15 14:41:15] 
INFO [2022-07-15 14:41:15] $main
INFO [2022-07-15 14:41:15] ("Downregulated TRAS between different stages")
INFO [2022-07-15 14:41:15] 
INFO [2022-07-15 14:41:15] $cex.main
INFO [2022-07-15 14:41:15] [1] 2
INFO [2022-07-15 14:41:15] 
INFO [2022-07-15 14:41:15] $font.main
INFO [2022-07-15 14:41:15] [1] 1
INFO [2022-07-15 14:41:15] 
INFO [2022-07-15 14:41:15] $col.main
INFO [2022-07-15 14:41:15] [1] "red"
INFO [2022-07-15 14:41:15] 
INFO [2022-07-15 14:41:15] $category.names
INFO [2022-07-15 14:41:15] c("1-cell and 8-cell stage", " 8-cell and morula stage", "morula and blastocyst stage")
INFO [2022-07-15 14:41:15] 
INFO [2022-07-15 14:41:15] $fill
INFO [2022-07-15 14:41:15] c("#009E73", "#E69F00", "#56B4E9")
INFO [2022-07-15 14:41:15] 
INFO [2022-07-15 14:41:15] $filename
INFO [2022-07-15 14:41:15] NULL
INFO [2022-07-15 14:41:15] 
