INFO [2022-07-14 17:40:27] [[1]]
INFO [2022-07-14 17:40:27] x
INFO [2022-07-14 17:40:27] 
INFO [2022-07-14 17:40:27] $main
INFO [2022-07-14 17:40:27] ("Downregulated TRAS between different stages")
INFO [2022-07-14 17:40:27] 
INFO [2022-07-14 17:40:27] $cex.main
INFO [2022-07-14 17:40:27] [1] 2
INFO [2022-07-14 17:40:27] 
INFO [2022-07-14 17:40:27] $font.main
INFO [2022-07-14 17:40:27] [1] 1
INFO [2022-07-14 17:40:27] 
INFO [2022-07-14 17:40:27] $col.main
INFO [2022-07-14 17:40:27] [1] "red"
INFO [2022-07-14 17:40:27] 
INFO [2022-07-14 17:40:27] $category.names
INFO [2022-07-14 17:40:27] c("1-cell and 8-cell stage", " 8-cell and morula stage", "morula and blastocyst stage")
INFO [2022-07-14 17:40:27] 
INFO [2022-07-14 17:40:27] $fill
INFO [2022-07-14 17:40:27] c("#009E73", "#E69F00", "#56B4E9")
INFO [2022-07-14 17:40:27] 
INFO [2022-07-14 17:40:27] $filename
INFO [2022-07-14 17:40:27] NULL
INFO [2022-07-14 17:40:27] 
