INFO [2022-07-04 13:17:36] [[1]]
INFO [2022-07-04 13:17:36] x
INFO [2022-07-04 13:17:36] 
INFO [2022-07-04 13:17:36] $main
INFO [2022-07-04 13:17:36] ("downregulated TRAS between diffrent stages")
INFO [2022-07-04 13:17:36] 
INFO [2022-07-04 13:17:36] $cex.main
INFO [2022-07-04 13:17:36] [1] 2
INFO [2022-07-04 13:17:36] 
INFO [2022-07-04 13:17:36] $font.main
INFO [2022-07-04 13:17:36] [1] 4
INFO [2022-07-04 13:17:36] 
INFO [2022-07-04 13:17:36] $col.main
INFO [2022-07-04 13:17:36] [1] "red"
INFO [2022-07-04 13:17:36] 
INFO [2022-07-04 13:17:36] $category.names
INFO [2022-07-04 13:17:36] c("1-cell and 8-cell stage", " 8-cell and morula stage", "morula and blastocyst stage")
INFO [2022-07-04 13:17:36] 
INFO [2022-07-04 13:17:36] $fill
INFO [2022-07-04 13:17:36] c("#009E73", "#E69F00", "#56B4E9")
INFO [2022-07-04 13:17:36] 
INFO [2022-07-04 13:17:36] $filename
INFO [2022-07-04 13:17:36] NULL
INFO [2022-07-04 13:17:36] 
